# JRE version: Java(TM) SE Runtime Environment (8.0_65-b17) (build 1.8.0_65-b17)
# Java VM: Java HotSpot(TM) Client VM (25.65-b01 mixed mode windows-x86 )
Heap:
 def new generation   total 4928K, used 299K [0x0f200000, 0x0f750000, 0x14750000)
  eden space 4416K,   3% used [0x0f200000, 0x0f226730, 0x0f650000)
  from space 512K,  28% used [0x0f6d0000, 0x0f6f4540, 0x0f750000)
  to   space 512K,   0% used [0x0f650000, 0x0f650000, 0x0f6d0000)
 tenured generation   total 10944K, used 4034K [0x14750000, 0x15200000, 0x1f200000)
   the space 10944K,  36% used [0x14750000, 0x14b40b48, 0x14b40c00, 0x15200000)
 Metaspace       used 8997K, capacity 9177K, committed 9216K, reserved 9600K
GC Heap History (10 events):
Event: 9.014 GC heap before
{Heap before GC invocations=6 (full 0):
 def new generation   total 4928K, used 4436K [0x0f200000, 0x0f750000, 0x14750000)
  eden space 4416K, 100% used [0x0f200000, 0x0f650000, 0x0f650000)
  from space 512K,   3% used [0x0f650000, 0x0f655018, 0x0f6d0000)
  to   space 512K,   0% used [0x0f6d0000, 0x0f6d0000, 0x0f750000)
 tenured generation   total 10944K, used 4034K [0x14750000, 0x15200000, 0x1f200000)
   the space 10944K,  36% used [0x14750000, 0x14b40b48, 0x14b40c00, 0x15200000)
 Metaspace       used 8997K, capacity 9177K, committed 9216K, reserved 9600K
Event: 9.015 GC heap after
Heap after GC invocations=7 (full 0):
 def new generation   total 4928K, used 40K [0x0f200000, 0x0f750000, 0x14750000)
  eden space 4416K,   0% used [0x0f200000, 0x0f200000, 0x0f650000)
  from space 512K,   7% used [0x0f6d0000, 0x0f6da098, 0x0f750000)
  to   space 512K,   0% used [0x0f650000, 0x0f650000, 0x0f6d0000)
 tenured generation   total 10944K, used 4034K [0x14750000, 0x15200000, 0x1f200000)
   the space 10944K,  36% used [0x14750000, 0x14b40b48, 0x14b40c00, 0x15200000)
 Metaspace       used 8997K, capacity 9177K, committed 9216K, reserved 9600K
}
Event: 14.311 GC heap before
{Heap before GC invocations=7 (full 0):
 def new generation   total 4928K, used 4456K [0x0f200000, 0x0f750000, 0x14750000)
  eden space 4416K, 100% used [0x0f200000, 0x0f650000, 0x0f650000)
  from space 512K,   7% used [0x0f6d0000, 0x0f6da098, 0x0f750000)
  to   space 512K,   0% used [0x0f650000, 0x0f650000, 0x0f6d0000)
 tenured generation   total 10944K, used 4034K [0x14750000, 0x15200000, 0x1f200000)
   the space 10944K,  36% used [0x14750000, 0x14b40b48, 0x14b40c00, 0x15200000)
 Metaspace       used 8997K, capacity 9177K, committed 9216K, reserved 9600K
Event: 14.311 GC heap after
Heap after GC invocations=8 (full 0):
 def new generation   total 4928K, used 66K [0x0f200000, 0x0f750000, 0x14750000)
  eden space 4416K,   0% used [0x0f200000, 0x0f200000, 0x0f650000)
  from space 512K,  12% used [0x0f650000, 0x0f660928, 0x0f6d0000)
  to   space 512K,   0% used [0x0f6d0000, 0x0f6d0000, 0x0f750000)
 tenured generation   total 10944K, used 4034K [0x14750000, 0x15200000, 0x1f200000)
   the space 10944K,  36% used [0x14750000, 0x14b40b48, 0x14b40c00, 0x15200000)
 Metaspace       used 8997K, capacity 9177K, committed 9216K, reserved 9600K
}
Event: 19.590 GC heap before
{Heap before GC invocations=8 (full 0):
 def new generation   total 4928K, used 4482K [0x0f200000, 0x0f750000, 0x14750000)
  eden space 4416K, 100% used [0x0f200000, 0x0f650000, 0x0f650000)
  from space 512K,  12% used [0x0f650000, 0x0f660928, 0x0f6d0000)
  to   space 512K,   0% used [0x0f6d0000, 0x0f6d0000, 0x0f750000)
 tenured generation   total 10944K, used 4034K [0x14750000, 0x15200000, 0x1f200000)
   the space 10944K,  36% used [0x14750000, 0x14b40b48, 0x14b40c00, 0x15200000)
 Metaspace       used 8997K, capacity 9177K, committed 9216K, reserved 9600K
Event: 19.591 GC heap after
Heap after GC invocations=9 (full 0):
 def new generation   total 4928K, used 93K [0x0f200000, 0x0f750000, 0x14750000)
  eden space 4416K,   0% used [0x0f200000, 0x0f200000, 0x0f650000)
  from space 512K,  18% used [0x0f6d0000, 0x0f6e7660, 0x0f750000)
  to   space 512K,   0% used [0x0f650000, 0x0f650000, 0x0f6d0000)
 tenured generation   total 10944K, used 4034K [0x14750000, 0x15200000, 0x1f200000)
   the space 10944K,  36% used [0x14750000, 0x14b40b48, 0x14b40c00, 0x15200000)
 Metaspace       used 8997K, capacity 9177K, committed 9216K, reserved 9600K
}
Event: 24.795 GC heap before
{Heap before GC invocations=9 (full 0):
 def new generation   total 4928K, used 4509K [0x0f200000, 0x0f750000, 0x14750000)
  eden space 4416K, 100% used [0x0f200000, 0x0f650000, 0x0f650000)
  from space 512K,  18% used [0x0f6d0000, 0x0f6e7660, 0x0f750000)
  to   space 512K,   0% used [0x0f650000, 0x0f650000, 0x0f6d0000)
 tenured generation   total 10944K, used 4034K [0x14750000, 0x15200000, 0x1f200000)
   the space 10944K,  36% used [0x14750000, 0x14b40b48, 0x14b40c00, 0x15200000)
 Metaspace       used 8997K, capacity 9177K, committed 9216K, reserved 9600K
Event: 24.796 GC heap after
Heap after GC invocations=10 (full 0):
 def new generation   total 4928K, used 120K [0x0f200000, 0x0f750000, 0x14750000)
  eden space 4416K,   0% used [0x0f200000, 0x0f200000, 0x0f650000)
  from space 512K,  23% used [0x0f650000, 0x0f66e1a8, 0x0f6d0000)
  to   space 512K,   0% used [0x0f6d0000, 0x0f6d0000, 0x0f750000)
 tenured generation   total 10944K, used 4034K [0x14750000, 0x15200000, 0x1f200000)
   the space 10944K,  36% used [0x14750000, 0x14b40b48, 0x14b40c00, 0x15200000)
 Metaspace       used 8997K, capacity 9177K, committed 9216K, reserved 9600K
}
Event: 29.879 GC heap before
{Heap before GC invocations=10 (full 0):
 def new generation   total 4928K, used 4536K [0x0f200000, 0x0f750000, 0x14750000)
  eden space 4416K, 100% used [0x0f200000, 0x0f650000, 0x0f650000)
  from space 512K,  23% used [0x0f650000, 0x0f66e1a8, 0x0f6d0000)
  to   space 512K,   0% used [0x0f6d0000, 0x0f6d0000, 0x0f750000)
 tenured generation   total 10944K, used 4034K [0x14750000, 0x15200000, 0x1f200000)
   the space 10944K,  36% used [0x14750000, 0x14b40b48, 0x14b40c00, 0x15200000)
 Metaspace       used 8997K, capacity 9177K, committed 9216K, reserved 9600K
Event: 29.880 GC heap after
Heap after GC invocations=11 (full 0):
 def new generation   total 4928K, used 145K [0x0f200000, 0x0f750000, 0x14750000)
  eden space 4416K,   0% used [0x0f200000, 0x0f200000, 0x0f650000)
  from space 512K,  28% used [0x0f6d0000, 0x0f6f4540, 0x0f750000)
  to   space 512K,   0% used [0x0f650000, 0x0f650000, 0x0f6d0000)
 tenured generation   total 10944K, used 4034K [0x14750000, 0x15200000, 0x1f200000)
   the space 10944K,  36% used [0x14750000, 0x14b40b48, 0x14b40c00, 0x15200000)
 Metaspace       used 8997K, capacity 9177K, committed 9216K, reserved 9600K
}

